GROUP,PACKAGE,CLASS,INSTRUCTION_MISSED,INSTRUCTION_COVERED,BRANCH_MISSED,BRANCH_COVERED,LINE_MISSED,LINE_COVERED,COMPLEXITY_MISSED,COMPLEXITY_COVERED,METHOD_MISSED,METHOD_COVERED
mybatis-spring-boot-sample-xml,sample.mybatis.domain,Hotel,2,54,0,0,1,14,1,10,1,10
mybatis-spring-boot-sample-xml,sample.mybatis.domain,City,3,46,0,0,1,13,1,9,1,9
mybatis-spring-boot-sample-xml,sample.mybatis,SampleXmlApplication,5,16,0,0,2,4,1,2,1,2
mybatis-spring-boot-sample-xml,sample.mybatis.dao,CityDao,0,11,0,0,0,2,0,2,0,2
