GROUP,PACKAGE,CLASS,INSTRUCTION_MISSED,INSTRUCTION_COVERED,BRANCH_MISSED,BRANCH_COVERED,LINE_MISSED,LINE_COVERED,COMPLEXITY_MISSED,COMPLEXITY_COVERED,METHOD_MISSED,METHOD_COVERED
mybatis-spring-boot-autoconfigure,org.mybatis.spring.boot.autoconfigure,SpringBootVFS,67,0,2,0,14,0,5,0,4,0
mybatis-spring-boot-autoconfigure,org.mybatis.spring.boot.autoconfigure,MybatisAutoConfiguration.AutoConfiguredMapperScannerRegistrar,0,67,1,3,0,18,1,5,0,4
mybatis-spring-boot-autoconfigure,org.mybatis.spring.boot.autoconfigure,MybatisAutoConfiguration.MapperScannerRegistrarNotFoundConfiguration,0,15,0,0,0,3,0,2,0,2
mybatis-spring-boot-autoconfigure,org.mybatis.spring.boot.autoconfigure,MybatisAutoConfiguration,22,85,2,8,3,21,2,8,0,5
mybatis-spring-boot-autoconfigure,org.mybatis.spring.boot.autoconfigure,MybatisProperties,8,91,0,4,4,27,2,14,2,12
